<?xml version="1.0" encoding="UTF-8"?>
<!-- Generated by org.testng.reporters.JUnitReportReporter -->
<testsuite hostname="HP" failures="0" tests="1" name="com.flipkart.tasks.test.Test2" time="115.009" errors="0" timestamp="2022-02-21T16:10:37 IST" skipped="0">
  <testcase classname="com.flipkart.tasks.test.Test2" name="linkValidation" time="115.009"/>
  <system-out/>
</testsuite> <!-- com.flipkart.tasks.test.Test2 -->
