<?xml version="1.0" encoding="UTF-8"?>
<!-- Generated by org.testng.reporters.JUnitReportReporter -->
<testsuite hostname="HP" failures="0" tests="4" name="com.flipkart.tasks.test.SmokeTest" time="24.192" errors="0" timestamp="2022-02-25T22:18:08 IST" skipped="2">
  <testcase classname="com.flipkart.tasks.test.SmokeTest" name="cartTest" time="15.290"/>
  <system-out/>
  <testcase classname="com.flipkart.tasks.test.SmokeTest" name="login" time="8.902"/>
  <system-out/>
  <testcase classname="com.flipkart.tasks.test.SmokeTest" name="linkValidation">
    <skipped/>
  </testcase> <!-- linkValidation -->
  <system-out/>
  <testcase classname="com.flipkart.tasks.test.SmokeTest" name="addToCart">
    <skipped/>
  </testcase> <!-- addToCart -->
  <system-out/>
</testsuite> <!-- com.flipkart.tasks.test.SmokeTest -->
