<?xml version="1.0" encoding="UTF-8"?>
<!-- Generated by org.testng.reporters.JUnitReportReporter -->
<testsuite hostname="HP" failures="0" tests="5" name="com.flipkart.tasks.test.SmokeTest" time="22.814" errors="0" timestamp="2022-03-02T19:56:11 IST" skipped="3">
  <testcase classname="com.flipkart.tasks.test.SmokeTest" name="addCart" time="18.973"/>
  <system-out/>
  <testcase classname="com.flipkart.tasks.test.SmokeTest" name="login" time="3.841"/>
  <system-out/>
  <testcase classname="com.flipkart.tasks.test.SmokeTest" name="linkValidation">
    <skipped/>
  </testcase> <!-- linkValidation -->
  <system-out/>
  <testcase classname="com.flipkart.tasks.test.SmokeTest" name="cart">
    <skipped/>
  </testcase> <!-- cart -->
  <system-out/>
  <testcase classname="com.flipkart.tasks.test.SmokeTest" name="cartTest">
    <skipped/>
  </testcase> <!-- cartTest -->
  <system-out/>
</testsuite> <!-- com.flipkart.tasks.test.SmokeTest -->
