<?xml version="1.0" encoding="UTF-8"?>
<!-- Generated by org.testng.reporters.JUnitReportReporter -->
<testsuite hostname="HP" failures="0" tests="1" name="com.flipkart.tasks.test.LoginTest" time="22.665" errors="0" timestamp="2022-02-25T22:18:08 IST" skipped="0">
  <testcase classname="com.flipkart.tasks.test.LoginTest" name="loginTest" time="22.665"/>
  <system-out/>
</testsuite> <!-- com.flipkart.tasks.test.LoginTest -->
