<?xml version="1.0" encoding="UTF-8"?>
<!-- Generated by org.testng.reporters.JUnitReportReporter -->
<testsuite hostname="HP" failures="0" tests="1" name="com.flipkart.tasks.util.WebDriverHelp" time="0.048" errors="0" timestamp="2022-02-25T00:23:59 IST" skipped="0">
  <testcase classname="com.flipkart.tasks.util.WebDriverHelp" name="check" time="0.048"/>
  <system-out/>
</testsuite> <!-- com.flipkart.tasks.util.WebDriverHelp -->
