<?xml version="1.0" encoding="UTF-8"?>
<!-- Generated by org.testng.reporters.JUnitReportReporter -->
<testsuite hostname="HP" failures="0" tests="1" name="task1_3.TestLinks" time="236.496" errors="0" timestamp="2022-01-27T18:33:02 IST" skipped="0">
  <testcase classname="task1_3.TestLinks" name="links" time="236.496"/>
  <system-out/>
</testsuite> <!-- task1_3.TestLinks -->
