<?xml version="1.0" encoding="UTF-8"?>
<!-- Generated by org.testng.reporters.JUnitReportReporter -->
<testsuite hostname="HP" failures="0" tests="1" name="POM_task.Test.SmokeTest" time="21.542" errors="0" timestamp="2022-02-01T20:31:00 IST" skipped="0">
  <testcase classname="POM_task.Test.SmokeTest" name="verifyHomepage" time="21.542"/>
  <system-out/>
</testsuite> <!-- POM_task.Test.SmokeTest -->
