<?xml version="1.0" encoding="UTF-8"?>
<!-- Generated by org.testng.reporters.JUnitReportReporter -->
<testsuite hostname="HP" failures="0" tests="2" name="POM_task.Test.SmokeTest" time="18.939" errors="0" timestamp="2022-02-04T21:30:49 IST" skipped="0">
  <testcase classname="POM_task.Test.SmokeTest" name="linlValidation" time="16.812"/>
  <system-out/>
  <testcase classname="POM_task.Test.SmokeTest" name="login" time="2.127"/>
  <system-out/>
</testsuite> <!-- POM_task.Test.SmokeTest -->
