<?xml version="1.0" encoding="UTF-8"?>
<!-- Generated by org.testng.reporters.JUnitReportReporter -->
<testsuite hostname="HP" failures="0" tests="2" name="task1_3.Checking" time="0.027" errors="0" timestamp="2022-01-21T11:14:36 IST" skipped="1">
  <testcase classname="task1_3.Checking" name="kk" time="0.027"/>
  <system-out/>
  <testcase classname="task1_3.Checking" name="check">
    <skipped/>
  </testcase> <!-- check -->
  <system-out/>
</testsuite> <!-- task1_3.Checking -->
