<?xml version="1.0" encoding="UTF-8"?>
<!-- Generated by org.testng.reporters.JUnitReportReporter -->
<testsuite hostname="HP" failures="0" tests="1" name="POM_task.SmokeTest" time="20.357" errors="0" timestamp="2022-02-01T10:48:00 IST" skipped="0">
  <testcase classname="POM_task.SmokeTest" name="verifyHomepage" time="20.357"/>
  <system-out/>
</testsuite> <!-- POM_task.SmokeTest -->
