<?xml version="1.0" encoding="UTF-8"?>
<!-- Generated by org.testng.reporters.JUnitReportReporter -->
<testsuite hostname="HP" failures="0" tests="1" name="task1_3.NewTest" time="0.024" errors="0" timestamp="2022-01-19T23:52:53 IST" skipped="0">
  <testcase classname="task1_3.NewTest" name="f" time="0.024"/>
  <system-out/>
</testsuite> <!-- task1_3.NewTest -->
