<?xml version="1.0" encoding="UTF-8"?>
<!-- Generated by org.testng.reporters.JUnitReportReporter -->
<testsuite hostname="HP" failures="0" tests="4" name="Task_1" time="37.688" errors="0" timestamp="2022-01-12T19:23:21 IST" skipped="0">
  <testcase classname="Task_1" name="login" time="5.280"/>
  <system-out/>
  <testcase classname="Task_1" name="selectProduct" time="13.030"/>
  <system-out/>
  <testcase classname="Task_1" name="addingToCart" time="17.531"/>
  <system-out/>
  <testcase classname="Task_1" name="cart" time="1.847"/>
  <system-out/>
</testsuite> <!-- Task_1 -->
