<?xml version="1.0" encoding="UTF-8"?>
<!-- Generated by org.testng.reporters.JUnitReportReporter -->
<testsuite hostname="HP" failures="0" tests="2" name="POM_task.Test.SmokeTest" time="4.227" errors="0" timestamp="2022-02-14T19:33:49 IST" skipped="0">
  <testcase classname="POM_task.Test.SmokeTest" name="addToCart" time="0.010"/>
  <system-out/>
  <testcase classname="POM_task.Test.SmokeTest" name="login" time="4.217"/>
  <system-out/>
</testsuite> <!-- POM_task.Test.SmokeTest -->
