<?xml version="1.0" encoding="UTF-8"?>
<!-- Generated by org.testng.reporters.JUnitReportReporter -->
<testsuite hostname="HP" failures="0" tests="2" name="POM_task.Test.SmokeTest" time="35.816" errors="0" timestamp="2022-02-17T22:15:19 IST" skipped="0">
  <testcase classname="POM_task.Test.SmokeTest" name="linkValidation" time="5.058"/>
  <system-out/>
  <testcase classname="POM_task.Test.SmokeTest" name="login" time="30.758"/>
  <system-out/>
</testsuite> <!-- POM_task.Test.SmokeTest -->
